0 info it worked if it ends with ok
1 verbose cli [ '/usr/bin/nodejs', '/usr/bin/npm', 'run', 'build' ]
2 info using npm@1.4.21
3 info using node@v0.10.25
4 verbose run-script [ 'prebuild', 'build', 'postbuild' ]
5 info prebuild levelgeeks-flux@
6 info build levelgeeks-flux@
7 verbose unsafe-perm in lifecycle true
8 info levelgeeks-flux@ Failed to exec build script
9 error levelgeeks-flux@ build: `browserify -t babelify app.js > build.js`
9 error Exit status 127
10 error Failed at the levelgeeks-flux@ build script.
10 error This is most likely a problem with the levelgeeks-flux package,
10 error not with npm itself.
10 error Tell the author that this fails on your system:
10 error     browserify -t babelify app.js > build.js
10 error You can get their info via:
10 error     npm owner ls levelgeeks-flux
10 error There is likely additional logging output above.
11 error System Linux 4.2.0-25-generic
12 error command "/usr/bin/nodejs" "/usr/bin/npm" "run" "build"
13 error cwd /home/hendrix/ccs2
14 error node -v v0.10.25
15 error npm -v 1.4.21
16 error code ELIFECYCLE
17 verbose exit [ 1, true ]
